<?xml version="1.0" encoding="UTF-8"?>
<!-- Generated by org.testng.reporters.JUnitReportReporter -->
<testsuite skipped="0" hostname="DESKTOP-U3QPD14" name="TestCase1" tests="1" failures="0" timestamp="11 Jun 2020 16:06:18 GMT" time="7.290" errors="0">
  <testcase name="f" time="7.290" classname="TestCase1"/>
</testsuite> <!-- TestCase1 -->
